-------------------------------------------
Batch: 0
-------------------------------------------
+--------------------+-----+
|            customer|score|
+--------------------+-----+
|Ashley.Jones@test...|  9.5|
| Gail.Doshi@test.com|-11.5|
|Senthil.Jones@tes...| 12.0|
|Angie.Olson@test.com| -5.0|
|Sarah.Anderson@te...| -3.0|
|Gail.Howard@test.com| -4.5|
|Chris.Smith@test.com| -2.5|
|Lyn.Gonzalez@test...| -2.5|
|Senthil.Ahmed@tes...| -2.5|
|Danny.Aristotle@t...| -1.0|
| John.Jones@test.com| -4.5|
|Jacob.Khatib@test...| -2.5|
|Craig.Habschied@t...| -3.0|
|David.Doshi@test.com| -1.5|
|Edward.Howard@tes...| -2.0|
|  Dan.Doshi@test.com| -2.5|
|Travis.Jackson@te...|-27.0|
|Sarah.Lincoln@tes...| -0.5|
|Craig.Mitra@test.com| 28.0|
|Sarah.Staples@tes...|-18.0|
+--------------------+-----+
only showing top 20 rows

-------------------------------------------
Batch: 1
-------------------------------------------
+--------------------+-----+
|            customer|score|
+--------------------+-----+
|  Lyn.Jones@test.com|-26.0|
|  Ben.Ahmed@test.com| 13.5|
|Frank.Phillips@te...| 17.5|
|Sarah.Abram@test.com|  4.0|
|David.Lincoln@tes...| 24.5|
|Suresh.Anandh@tes...| 19.5|
|Sarah.Hansen@test...| 11.0|
+--------------------+-----+

-------------------------------------------
Batch: 2
-------------------------------------------
+--------------------+-----+
|            customer|score|
+--------------------+-----+
|Angie.Clayton@tes...|-11.5|
+--------------------+-----+

-------------------------------------------
Batch: 3
-------------------------------------------
+-------------------+-----+
|           customer|score|
+-------------------+-----+
|Lyn.Howard@test.com|-11.5|
+-------------------+-----+

-------------------------------------------
Batch: 4
-------------------------------------------
+--------------------+-----+
|            customer|score|
+--------------------+-----+
|Senthil.Khatib@te...|  6.0|
+--------------------+-----+

-------------------------------------------
Batch: 5
-------------------------------------------
+--------------------+-----+
|            customer|score|
+--------------------+-----+
|Jane.Jefferson@te...| 26.5|
+--------------------+-----+

-------------------------------------------
Batch: 6
-------------------------------------------
