-------------------------------------------
Batch: 0
-------------------------------------------
+--------------------+---------+
|               email|birthYear|
+--------------------+---------+
|Senthil.Aristotle...|     1965|
|Gail.Anderson@tes...|     1964|
|Jerry.Staples@tes...|     1963|
|Danny.Jones@test.com|     1962|
|Suresh.Jones@test...|     1961|
|Jason.Davis@test.com|     1960|
|Chris.Khatib@test...|     1959|
|Sean.Hansen@test.com|     1958|
|Spencer.Davis@tes...|     1957|
|Jacob.Mitra@test.com|     1956|
|Edward.Lincoln@te...|     1955|
|Ben.Sanchez@test.com|     1954|
|Frank.Harris@test...|     1953|
|Angie.Lincoln@tes...|     1952|
|Frank.Olson@test.com|     1951|
| Sean.Abram@test.com|     1950|
|Travis.Jefferson@...|     1949|
|Eric.Fibonnaci@te...|     1948|
|David.Gonzalez@te...|     1947|
|Jacob.Jackson@tes...|     1946|
+--------------------+---------+
only showing top 20 rows

-------------------------------------------
Batch: 1
-------------------------------------------
+-----+---------+
|email|birthYear|
+-----+---------+
+-----+---------+

-------------------------------------------
Batch: 2
-------------------------------------------
+-----+---------+
|email|birthYear|
+-----+---------+
+-----+---------+

-------------------------------------------
Batch: 3
-------------------------------------------
+-----+---------+
|email|birthYear|
+-----+---------+
+-----+---------+

-------------------------------------------
Batch: 4
-------------------------------------------
+-----+---------+
|email|birthYear|
+-----+---------+
+-----+---------+

-------------------------------------------
Batch: 5
-------------------------------------------
+-----+---------+
|email|birthYear|
+-----+---------+
+-----+---------+

-------------------------------------------
Batch: 6
-------------------------------------------
+-----+---------+
|email|birthYear|
+-----+---------+
+-----+---------+

-------------------------------------------
Batch: 7
-------------------------------------------
+-----+---------+
|email|birthYear|
+-----+---------+
+-----+---------+

-------------------------------------------
Batch: 8
-------------------------------------------
+-----+---------+
|email|birthYear|
+-----+---------+
+-----+---------+

-------------------------------------------
Batch: 9
-------------------------------------------
+-----+---------+
|email|birthYear|
+-----+---------+
+-----+---------+

-------------------------------------------
Batch: 10
-------------------------------------------
+-----+---------+
|email|birthYear|
+-----+---------+
+-----+---------+

-------------------------------------------
Batch: 11
-------------------------------------------
+-----+---------+
|email|birthYear|
+-----+---------+
+-----+---------+

-------------------------------------------
Batch: 12
-------------------------------------------
+-----+---------+
|email|birthYear|
+-----+---------+
+-----+---------+

